<?xml version="1.0" encoding="UTF-8"?>
<testng-results skipped="0" failed="0" ignored="0" total="1" passed="1">
  <reporter-output>
  </reporter-output>
  <suite name="Surefire suite" duration-ms="41" started-at="2018-05-24T18:10:02Z" finished-at="2018-05-24T18:10:02Z">
    <groups>
    </groups>
    <test name="Surefire test" duration-ms="41" started-at="2018-05-24T18:10:02Z" finished-at="2018-05-24T18:10:02Z">
      <class name="Maven_Test.Maven_Test.AppTest">
        <test-method status="PASS" signature="testApp()[pri:0, instance:testApp(Maven_Test.Maven_Test.AppTest)]" name="testApp" duration-ms="9" started-at="2018-05-24T18:10:02Z" finished-at="2018-05-24T18:10:02Z">
          <reporter-output>
          </reporter-output>
        </test-method> <!-- testApp -->
      </class> <!-- Maven_Test.Maven_Test.AppTest -->
    </test> <!-- Surefire test -->
  </suite> <!-- Surefire suite -->
</testng-results>
