<?xml version="1.0" encoding="UTF-8"?>
<testng-results skipped="0" failed="0" ignored="0" total="1" passed="1">
  <reporter-output>
  </reporter-output>
  <suite name="Default suite" duration-ms="11211" started-at="2018-05-24T17:58:58Z" finished-at="2018-05-24T17:59:09Z">
    <groups>
    </groups>
    <test name="Default test" duration-ms="11211" started-at="2018-05-24T17:58:58Z" finished-at="2018-05-24T17:59:09Z">
      <class name="Maven_Test.Maven_Test.GmailAutomation">
        <test-method status="PASS" signature="test()[pri:0, instance:Maven_Test.Maven_Test.GmailAutomation@4c70fda8]" name="test" duration-ms="11124" started-at="2018-05-24T17:58:58Z" finished-at="2018-05-24T17:59:09Z">
          <reporter-output>
          </reporter-output>
        </test-method> <!-- test -->
      </class> <!-- Maven_Test.Maven_Test.GmailAutomation -->
    </test> <!-- Default test -->
  </suite> <!-- Default suite -->
</testng-results>
